\BOOKMARK [1][-]{section.1}{\376\377\000E\000j\000e\000r\000c\000i\000c\000i\000o\000\040\0001\000:}{}% 1
\BOOKMARK [2][-]{subsection.1.1}{\376\377\000C\000\341\000l\000c\000u\000l\000o\000\040\000d\000e\000\040\000A\0001\000\050\000x\000\051}{section.1}% 2
\BOOKMARK [2][-]{subsection.1.2}{\376\377\000C\000\341\000l\000c\000u\000l\000o\000\040\000d\000e\000\040\000A\0002\000\050\000x\000\051}{section.1}% 3
\BOOKMARK [2][-]{subsection.1.3}{\376\377\000V\000e\000r\000i\000f\000i\000c\000a\000c\000i\000\363\000n\000\040\000d\000e\000\040\000l\000a\000\040\000C\000o\000n\000d\000i\000c\000i\000\363\000n\000\040\0001\000\040\000d\000e\000l\000\040\000T\000e\000o\000r\000e\000m\000a\000\040\0002\000.\0003\000.\0001\000\040\000c\000o\000n\000\040\000k\000=\0004}{section.1}% 4
\BOOKMARK [1][-]{section.2}{\376\377\000E\000j\000e\000r\000c\000i\000c\000i\000o\000\040\0002\000:\000\040}{}% 5
\BOOKMARK [2][-]{subsection.2.1}{\376\377\000P\000r\000o\000c\000e\000s\000o\000\040\000B\000a\000s\000e\000\040\000Y\000\050\000t\000\051}{section.2}% 6
\BOOKMARK [2][-]{subsection.2.2}{\376\377\000F\000a\000c\000t\000o\000r\000i\000z\000a\000c\000i\000\363\000n}{section.2}% 7
\BOOKMARK [2][-]{subsection.2.3}{\376\377\000V\000e\000r\000i\000f\000i\000c\000a\000c\000i\000\363\000n\000\040\000d\000e\000\040\000k\000\050\000x\000,\000t\000\051}{section.2}% 8
\BOOKMARK [2][-]{subsection.2.4}{\376\377\000V\000e\000r\000i\000f\000i\000c\000a\000c\000i\000\363\000n\000\040\000d\000e\000\040\000h\000\050\000t\000\051}{section.2}% 9
\BOOKMARK [1][-]{section.3}{\376\377\000E\000j\000e\000r\000c\000i\000c\000i\000o\000\040\0003\000:\000\040}{}% 10
\BOOKMARK [2][-]{subsection.3.1}{\376\377\000H\000a\000l\000l\000a\000r\000\040\000l\000a\000\040\000S\000D\000E\000\040\000d\000e\000l\000\040\000p\000r\000o\000c\000e\000s\000o\000\040\000Y\000\050\000t\000\051}{section.3}% 11
\BOOKMARK [2][-]{subsection.3.2}{\376\377\000C\000o\000n\000c\000l\000u\000s\000i\000\363\000n}{section.3}% 12
\BOOKMARK [1][-]{section.4}{\376\377\000E\000j\000e\000r\000c\000i\000c\000i\000o\000\040\0004\000:\000\040}{}% 13
\BOOKMARK [2][-]{subsection.4.1}{\376\377\000C\000\341\000l\000c\000u\000l\000o\000\040\000d\000e\000\040\000f\000\050\000x\000\051\000\040\000y\000\040\000g\000\050\000x\000\051}{section.4}% 14
\BOOKMARK [2][-]{subsection.4.2}{\376\377\000A\000n\000\341\000l\000i\000s\000i\000s\000\040\000d\000e\000\040\000l\000a\000\040\000b\000a\000r\000r\000e\000r\000a\000\040\000r\0002\000\040\000=\000\040\000+}{section.4}% 15
\BOOKMARK [2][-]{subsection.4.3}{\376\377\000A\000n\000\341\000l\000i\000s\000i\000s\000\040\000d\000e\000\040\000l\000a\000\040\000b\000a\000r\000r\000e\000r\000a\000\040\000r\0001\000\040\000=\000\040\000-}{section.4}% 16
\BOOKMARK [1][-]{section.5}{\376\377\000E\000j\000e\000r\000c\000i\000c\000i\000o\000\040\0005\000:}{}% 17
\BOOKMARK [2][-]{subsection.5.1}{\376\377\000V\000e\000r\000i\000f\000i\000c\000a\000c\000i\000\363\000n\000\040\000d\000e\000\040\000l\000a\000\040\000c\000o\000n\000d\000i\000c\000i\000\363\000n}{section.5}% 18
\BOOKMARK [2][-]{subsection.5.2}{\376\377\000O\000b\000t\000e\000n\000c\000i\000\363\000n\000\040\000d\000e\000\040\000l\000a\000\040\000t\000r\000a\000n\000s\000f\000o\000r\000m\000a\000c\000i\000\363\000n}{section.5}% 19
\BOOKMARK [2][-]{subsection.5.3}{\376\377\000O\000b\000t\000e\000n\000c\000i\000\363\000n\000\040\000d\000e\000\040\000l\000a\000\040\000d\000e\000n\000s\000i\000d\000a\000d\000\040\000d\000e\000\040\000t\000r\000a\000n\000s\000i\000c\000i\000\363\000n}{section.5}% 20
\BOOKMARK [1][-]{section.6}{\376\377\000E\000j\000e\000r\000c\000i\000c\000i\000o\000\040\0006\000:}{}% 21
\BOOKMARK [2][-]{subsection.6.1}{\376\377\000T\000r\000a\000n\000s\000f\000o\000r\000m\000a\000c\000i\000\363\000n\000\040\000d\000e\000\040\000X\000\050\000t\000\051\000\040\000a\000l\000\040\000W\000i\000e\000n\000e\000r\000\040\000E\000s\000t\000\341\000n\000d\000a\000r}{section.6}% 22
\BOOKMARK [2][-]{subsection.6.2}{\376\377\000F\000a\000c\000t\000o\000r\000i\000z\000a\000c\000i\000\363\000n\000\040\000d\000e\000\040\000X\000\050\000t\000\051\000\040\000a\000\040\000p\000a\000r\000t\000i\000r\000\040\000d\000e\000\040\000Y\000\050\000t\000\051}{section.6}% 23
\BOOKMARK [2][-]{subsection.6.3}{\376\377\000O\000b\000t\000e\000n\000c\000i\000\363\000n\000\040\000d\000e\000\040\000l\000a\000\040\000D\000e\000n\000s\000i\000d\000a\000d\000\040\000d\000e\000\040\000T\000r\000a\000n\000s\000i\000c\000i\000\363\000n\000\040\000f\000X}{section.6}% 24
\BOOKMARK [1][-]{section.7}{\376\377\000E\000j\000e\000r\000c\000i\000c\000i\000o\000\040\0007\000:}{}% 25
\BOOKMARK [2][-]{subsection.7.1}{\376\377\000C\000o\000m\000p\000r\000o\000b\000a\000c\000i\000\363\000n\000\040\000d\000e\000\040\000E\000x\000i\000s\000t\000e\000n\000c\000i\000a\000\040\000y\000\040\000U\000n\000i\000c\000i\000d\000a\000d}{section.7}% 26
\BOOKMARK [2][-]{subsection.7.2}{\376\377\000R\000e\000s\000o\000l\000u\000c\000i\000\363\000n\000\040\000d\000e\000\040\000l\000a\000\040\000S\000D\000E\000\040\000\050\000I\000n\000d\000i\000c\000a\000c\000i\000\363\000n\000\040\000b\000\051}{section.7}% 27
\BOOKMARK [2][-]{subsection.7.3}{\376\377\000D\000i\000s\000t\000r\000i\000b\000u\000c\000i\000o\000n\000e\000s\000\040\000\050\000I\000n\000d\000i\000c\000a\000c\000i\000\363\000n\000\040\000c\000\051}{section.7}% 28
\BOOKMARK [1][-]{section.8}{\376\377\000E\000j\000e\000r\000c\000i\000c\000i\000o\000\040\0008\000:}{}% 29
\BOOKMARK [2][-]{subsection.8.1}{\376\377\000V\000e\000r\000i\000f\000i\000c\000a\000c\000i\000\363\000n\000\040\000d\000e\000\040\000l\000a\000\040\000P\000r\000o\000p\000i\000e\000d\000a\000d\000\040\000d\000e\000\040\000M\000a\000r\000k\000o\000v}{section.8}% 30
\BOOKMARK [2][-]{subsection.8.2}{\376\377\000V\000e\000r\000i\000f\000i\000c\000a\000c\000i\000\363\000n\000\040\000d\000e\000\040\000l\000a\000s\000\040\000C\000o\000n\000d\000i\000c\000i\000o\000n\000e\000s\000\040\000d\000e\000\040\000K\000o\000l\000m\000o\000g\000o\000r\000o\000v}{section.8}% 31
